16:31:33.084 [main] DEBUG testCases.TC_007_Ordering_Items - Debug Starts
17:54:27.506 [main] DEBUG org.testng.TestNG - suiteXmlPath: "D:\Leverage\rcbazar\rcbazar\master.xml"
17:54:28.031 [main] INFO  org.testng.internal.Utils - [TestNG] Running:
  D:\Leverage\rcbazar\rcbazar\master.xml

17:54:43.953 [main] INFO  testCases.TC_008_My_Account_Details - TC_008_My_Account_Details Starts
17:54:43.953 [main] DEBUG testCases.TC_008_My_Account_Details - TC_008_My_Account_Details Debug Starts
17:56:00.898 [main] DEBUG org.testng.TestNG - suiteXmlPath: "D:\Leverage\rcbazar\rcbazar\master.xml"
17:56:01.225 [main] INFO  org.testng.internal.Utils - [TestNG] Running:
  D:\Leverage\rcbazar\rcbazar\master.xml

17:56:13.690 [main] INFO  testCases.TC_008_My_Account_Details - TC_008_My_Account_Details Starts
17:56:13.690 [main] DEBUG testCases.TC_008_My_Account_Details - TC_008_My_Account_Details Debug Starts
18:01:46.003 [main] DEBUG org.testng.TestNG - suiteXmlPath: "D:\Leverage\rcbazar\rcbazar\master.xml"
18:01:46.488 [main] INFO  org.testng.internal.Utils - [TestNG] Running:
  D:\Leverage\rcbazar\rcbazar\master.xml

18:01:59.508 [main] INFO  testCases.TC_008_My_Account_Details - TC_008_My_Account_Details Starts
18:01:59.511 [main] DEBUG testCases.TC_008_My_Account_Details - TC_008_My_Account_Details Debug Starts
18:11:01.421 [main] DEBUG org.testng.TestNG - suiteXmlPath: "D:\Leverage\rcbazar\rcbazar\master.xml"
18:11:01.716 [main] INFO  org.testng.internal.Utils - [TestNG] Running:
  D:\Leverage\rcbazar\rcbazar\master.xml

18:11:12.039 [main] INFO  testCases.TC_008_My_Account_Details - TC_008_My_Account_Details Starts
18:11:12.040 [main] DEBUG testCases.TC_008_My_Account_Details - TC_008_My_Account_Details Debug Starts
18:11:43.785 [main] DEBUG org.testng.TestNG - suiteXmlPath: "D:\Leverage\rcbazar\rcbazar\master.xml"
18:11:44.087 [main] INFO  org.testng.internal.Utils - [TestNG] Running:
  D:\Leverage\rcbazar\rcbazar\master.xml

18:11:55.666 [main] INFO  testCases.TC_008_My_Account_Details - TC_008_My_Account_Details Starts
18:11:55.666 [main] DEBUG testCases.TC_008_My_Account_Details - TC_008_My_Account_Details Debug Starts
18:12:52.853 [main] DEBUG org.testng.TestNG - suiteXmlPath: "D:\Leverage\rcbazar\rcbazar\master.xml"
18:12:53.192 [main] INFO  org.testng.internal.Utils - [TestNG] Running:
  D:\Leverage\rcbazar\rcbazar\master.xml

18:13:04.192 [main] INFO  testCases.TC_008_My_Account_Details - TC_008_My_Account_Details Starts
18:13:04.192 [main] DEBUG testCases.TC_008_My_Account_Details - TC_008_My_Account_Details Debug Starts
18:13:13.603 [main] INFO  testCases.TC_008_My_Account_Details - TC_008_My_Account_Details Ends
18:13:13.603 [main] DEBUG testCases.TC_008_My_Account_Details - TC_008_My_Account_Details Debug Ends
19:02:58.604 [main] DEBUG org.testng.TestNG - suiteXmlPath: "D:\Leverage\rcbazar\rcbazar\master.xml"
19:02:59.101 [main] INFO  org.testng.internal.Utils - [TestNG] Running:
  D:\Leverage\rcbazar\rcbazar\master.xml

19:03:10.244 [main] INFO  testCases.TC_009_Advanced_Search_Functionality - TC_009_Advanced_Search_Functionality Test Starts
19:03:10.244 [main] DEBUG testCases.TC_009_Advanced_Search_Functionality - Advanced Search Debug Starts
19:05:08.811 [main] DEBUG org.testng.TestNG - suiteXmlPath: "D:\Leverage\rcbazar\rcbazar\master.xml"
19:05:09.177 [main] INFO  org.testng.internal.Utils - [TestNG] Running:
  D:\Leverage\rcbazar\rcbazar\master.xml

19:05:22.937 [main] INFO  testCases.TC_009_Advanced_Search_Functionality - TC_009_Advanced_Search_Functionality Test Starts
19:05:22.937 [main] DEBUG testCases.TC_009_Advanced_Search_Functionality - Advanced Search Debug Starts
19:06:23.211 [main] DEBUG org.testng.TestNG - suiteXmlPath: "D:\Leverage\rcbazar\rcbazar\master.xml"
19:06:23.547 [main] INFO  org.testng.internal.Utils - [TestNG] Running:
  D:\Leverage\rcbazar\rcbazar\master.xml

19:06:32.928 [main] INFO  testCases.TC_009_Advanced_Search_Functionality - TC_009_Advanced_Search_Functionality Test Starts
19:06:32.929 [main] DEBUG testCases.TC_009_Advanced_Search_Functionality - Advanced Search Debug Starts
19:06:46.312 [main] INFO  testCases.TC_009_Advanced_Search_Functionality - TC_009_Advanced_Search_Functionality Test Ends
19:06:46.312 [main] DEBUG testCases.TC_009_Advanced_Search_Functionality - Advanced Search Debug Ends
19:10:36.082 [main] DEBUG org.testng.TestNG - suiteXmlPath: "D:\Leverage\rcbazar\rcbazar\master.xml"
19:10:36.467 [main] INFO  org.testng.internal.Utils - [TestNG] Running:
  D:\Leverage\rcbazar\rcbazar\master.xml

19:10:54.288 [main] INFO  testCases.TC_009_Advanced_Search_Functionality - TC_009_Advanced_Search_Functionality Test Starts
19:10:54.288 [main] DEBUG testCases.TC_009_Advanced_Search_Functionality - Advanced Search Debug Starts
19:11:11.757 [main] INFO  testCases.TC_009_Advanced_Search_Functionality - TC_009_Advanced_Search_Functionality Test Ends
19:11:11.757 [main] DEBUG testCases.TC_009_Advanced_Search_Functionality - Advanced Search Debug Ends
