16:51:06.792 [main] DEBUG org.testng.TestNG - suiteXmlPath: "D:\Leverage\rcbazar\rcbazar\master.xml"
16:51:07.185 [main] INFO  org.testng.internal.Utils - [TestNG] Running:
  D:\Leverage\rcbazar\rcbazar\master.xml

16:51:28.147 [main] INFO  testCases.TC_006_Fogot_Link_Functionality - TC_006_ForgotLink Test Started
16:51:28.147 [main] DEBUG testCases.TC_006_Fogot_Link_Functionality - Debug Starts
16:51:29.164 [main] INFO  testCases.TC_006_Fogot_Link_Functionality - Clicking on forgot link
16:51:29.323 [main] INFO  testCases.TC_006_Fogot_Link_Functionality - Entering Email
16:51:29.402 [main] INFO  testCases.TC_006_Fogot_Link_Functionality - Clicking on recover button
16:51:30.270 [main] INFO  testCases.TC_006_Fogot_Link_Functionality - Test failed
16:56:58.535 [main] DEBUG org.testng.TestNG - suiteXmlPath: "D:\Leverage\rcbazar\rcbazar\master.xml"
16:56:58.865 [main] INFO  org.testng.internal.Utils - [TestNG] Running:
  D:\Leverage\rcbazar\rcbazar\master.xml

16:57:13.712 [main] INFO  testCases.TC_006_Fogot_Link_Functionality - TC_006_ForgotLink Test Started
16:57:13.712 [main] DEBUG testCases.TC_006_Fogot_Link_Functionality - Debug Starts
16:57:14.843 [main] INFO  testCases.TC_006_Fogot_Link_Functionality - Clicking on forgot link
16:57:14.985 [main] INFO  testCases.TC_006_Fogot_Link_Functionality - Entering Email
16:57:15.061 [main] INFO  testCases.TC_006_Fogot_Link_Functionality - Clicking on recover button
16:57:16.186 [main] INFO  testCases.TC_006_Fogot_Link_Functionality - Test Passed
16:57:16.188 [main] INFO  testCases.TC_006_Fogot_Link_Functionality - TC_006_ForgotLink Test Ended
16:57:16.188 [main] DEBUG testCases.TC_006_Fogot_Link_Functionality - Debug Ends
17:29:11.662 [main] DEBUG org.testng.TestNG - suiteXmlPath: "D:\Leverage\rcbazar\rcbazar\master.xml"
17:29:12.045 [main] INFO  org.testng.internal.Utils - [TestNG] Running:
  D:\Leverage\rcbazar\rcbazar\master.xml

17:29:30.043 [main] INFO  testCases.TC_006_Fogot_Link_Functionality - TC_006_ForgotLink Test Started
17:29:30.044 [main] DEBUG testCases.TC_006_Fogot_Link_Functionality - Debug Starts
17:29:31.174 [main] INFO  testCases.TC_006_Fogot_Link_Functionality - Clicking on forgot link
17:29:31.328 [main] INFO  testCases.TC_006_Fogot_Link_Functionality - Entering Email
17:29:31.427 [main] INFO  testCases.TC_006_Fogot_Link_Functionality - Clicking on recover button
17:29:32.810 [main] INFO  testCases.TC_006_Fogot_Link_Functionality - Test Passed
17:29:32.812 [main] INFO  testCases.TC_006_Fogot_Link_Functionality - TC_006_ForgotLink Test Ended
17:29:32.812 [main] DEBUG testCases.TC_006_Fogot_Link_Functionality - Debug Ends
16:15:31.248 [main] DEBUG org.testng.TestNG - suiteXmlPath: "D:\Leverage\rcbazar\rcbazar\master.xml"
16:16:33.005 [main] DEBUG org.testng.TestNG - suiteXmlPath: "D:\Leverage\rcbazar\rcbazar\master.xml"
16:16:33.487 [main] INFO  org.testng.internal.Utils - [TestNG] Running:
  D:\Leverage\rcbazar\rcbazar\master.xml

16:16:47.923 [main] INFO  testCases.TC_007_Ordering_Items - TC_007 Orderring Items Test Starts
16:16:47.923 [main] DEBUG testCases.TC_007_Ordering_Items - Debug Starts
16:19:46.911 [main] DEBUG org.testng.TestNG - suiteXmlPath: "D:\Leverage\rcbazar\rcbazar\master.xml"
16:19:47.248 [main] INFO  org.testng.internal.Utils - [TestNG] Running:
  D:\Leverage\rcbazar\rcbazar\master.xml

16:19:56.368 [main] INFO  testCases.TC_007_Ordering_Items - TC_007 Orderring Items Test Starts
16:19:56.368 [main] DEBUG testCases.TC_007_Ordering_Items - Debug Starts
16:24:01.956 [main] DEBUG org.testng.TestNG - suiteXmlPath: "D:\Leverage\rcbazar\rcbazar\master.xml"
16:24:02.277 [main] INFO  org.testng.internal.Utils - [TestNG] Running:
  D:\Leverage\rcbazar\rcbazar\master.xml

16:24:11.369 [main] INFO  testCases.TC_007_Ordering_Items - TC_007 Orderring Items Test Starts
16:24:11.369 [main] DEBUG testCases.TC_007_Ordering_Items - Debug Starts
16:28:01.126 [main] DEBUG org.testng.TestNG - suiteXmlPath: "D:\Leverage\rcbazar\rcbazar\master.xml"
16:28:01.438 [main] INFO  org.testng.internal.Utils - [TestNG] Running:
  D:\Leverage\rcbazar\rcbazar\master.xml

16:28:11.631 [main] INFO  testCases.TC_007_Ordering_Items - TC_007 Orderring Items Test Starts
16:28:11.632 [main] DEBUG testCases.TC_007_Ordering_Items - Debug Starts
16:29:36.332 [main] DEBUG org.testng.TestNG - suiteXmlPath: "D:\Leverage\rcbazar\rcbazar\master.xml"
16:29:36.724 [main] INFO  org.testng.internal.Utils - [TestNG] Running:
  D:\Leverage\rcbazar\rcbazar\master.xml

16:29:45.473 [main] INFO  testCases.TC_007_Ordering_Items - TC_007 Orderring Items Test Starts
16:29:45.474 [main] DEBUG testCases.TC_007_Ordering_Items - Debug Starts
16:31:23.267 [main] DEBUG org.testng.TestNG - suiteXmlPath: "D:\Leverage\rcbazar\rcbazar\master.xml"
16:31:23.593 [main] INFO  org.testng.internal.Utils - [TestNG] Running:
  D:\Leverage\rcbazar\rcbazar\master.xml

16:31:33.084 [main] INFO  testCases.TC_007_Ordering_Items - TC_007 Orderring Items Test Starts
